<?xml version="1.0" encoding="UTF-8"?>
<testsuites name="Alamat" time="187.373" tests="4" failures="0" errors="0">
   <testsuite name="Alamat" tests="4" failures="0" errors="0" time="187.373" skipped="0" timestamp="2023-06-09 13:43:06" hostname="raiha - LAPTOP-UT2QLFD0" id="Test Suites/Profil/Alamat/Alamat">
      <properties>
[...]
</properties>
      <testcase name="Test Cases/Profil/Alamat_Penerima/Main/TC_Pilih_Alamat" time="37.961" classname="Test Cases/Profil/Alamat_Penerima/Main/TC_Pilih_Alamat" status="PASSED">
         <system-out><![CDATA[2023-06-09 13:43:06 - [TEST_CASE][PASSED] - Test Cases/Profil/Alamat_Penerima/Main/TC_Pilih_Alamat: Test Cases/Profil/Alamat_Penerima/Main/TC_Pilih_Alamat

2023-06-09 13:43:06 - [TEST_STEP][PASSED] - callTestCase(findTestCase("Profil/TC_Profil_Button"), [:], STOP_ON_FAILURE): Call Test Case 'Test Cases/Profil/TC_Profil_Button' successfully

2023-06-09 13:43:06 - [TEST_CASE][PASSED] - Test Cases/Profil/TC_Profil_Button: Test Cases/Profil/TC_Profil_Button

2023-06-09 13:43:07 - [TEST_STEP][PASSED] - startApplication(APP, false): Started app at: 'C:\Users\raiha\Documents\Katalon Studio\Mobile Klik IGR\AndroidApp\Klik Dev v6.0.31.apk'

2023-06-09 13:43:07 - [MESSAGE][INFO] - User set preference: ['appPackage', 'com.indogrosir.sd1.klikdev']

2023-06-09 13:43:07 - [MESSAGE][INFO] - User set preference: ['appActivity', 'com.example.klik_indogrosir_playground.MainActivity']

2023-06-09 13:43:07 - [MESSAGE][INFO] - User set preference: ['noReset', 'true']

2023-06-09 13:43:07 - [MESSAGE][INFO] - User set preference: ['fullReset', 'false']

2023-06-09 13:43:07 - [MESSAGE][INFO] - User set preference: ['deviceId', '']

2023-06-09 13:43:07 - [MESSAGE][INFO] - Detected NodeJS location: "C:\Program Files\nodejs\node.exe"

2023-06-09 13:43:08 - [MESSAGE][INFO] - Appium server started on port 58,321

2023-06-09 13:43:19 - [MESSAGE][PASSED] - Started app at: 'C:\Users\raiha\Documents\Katalon Studio\Mobile Klik IGR\AndroidApp\Klik Dev v6.0.31.apk'

2023-06-09 13:43:19 - [TEST_STEP][PASSED] - waitForElementPresent(findTestObject("Kategori/Ibu dan Anak"), 0): Element 'Object Repository/Kategori/Ibu dan Anak' is present

2023-06-09 13:43:19 - [MESSAGE][WARNING] - Timeout '0' is invalid. Using default page load timeout: '10'

2023-06-09 13:43:21 - [MESSAGE][PASSED] - Element 'Object Repository/Kategori/Ibu dan Anak' is present

2023-06-09 13:43:21 - [TEST_STEP][PASSED] - tap(findTestObject("Profil/Profil_Button/Menu Akun"), 0): Tapped on element 'Object Repository/Profil/Profil_Button/Menu Akun'

2023-06-09 13:43:21 - [MESSAGE][WARNING] - Timeout '0' is invalid. Using default page load timeout: '10'

2023-06-09 13:43:22 - [MESSAGE][PASSED] - Tapped on element 'Object Repository/Profil/Profil_Button/Menu Akun'

2023-06-09 13:43:22 - [MESSAGE][PASSED] - Call Test Case 'Test Cases/Profil/TC_Profil_Button' successfully

2023-06-09 13:43:22 - [TEST_STEP][PASSED] - callTestCase(findTestCase("Profil/Alamat_Penerima/TC_Alamat_Button"), [:], STOP_ON_FAILURE): Call Test Case 'Test Cases/Profil/Alamat_Penerima/TC_Alamat_Button' successfully

2023-06-09 13:43:22 - [TEST_CASE][PASSED] - Test Cases/Profil/Alamat_Penerima/TC_Alamat_Button: Test Cases/Profil/Alamat_Penerima/TC_Alamat_Button

2023-06-09 13:43:22 - [TEST_STEP][PASSED] - swipe(100, 350, 0, 0): Swiped from 100,350 to 0,0

2023-06-09 13:43:23 - [MESSAGE][PASSED] - Swiped from 100,350 to 0,0

2023-06-09 13:43:23 - [TEST_STEP][PASSED] - waitForElementPresent(findTestObject("Profil/Alamat_Penerima/Alamat_Button/Menu Kelola Alamat Penerima"), 0): Element 'Object Repository/Profil/Alamat_Penerima/Alamat_Button/Menu Kelola Alamat Penerima' is present

2023-06-09 13:43:23 - [MESSAGE][WARNING] - Timeout '0' is invalid. Using default page load timeout: '10'

2023-06-09 13:43:24 - [MESSAGE][PASSED] - Element 'Object Repository/Profil/Alamat_Penerima/Alamat_Button/Menu Kelola Alamat Penerima' is present

2023-06-09 13:43:24 - [TEST_STEP][PASSED] - tap(findTestObject("Profil/Alamat_Penerima/Alamat_Button/Menu Kelola Alamat Penerima"), 0): Tapped on element 'Object Repository/Profil/Alamat_Penerima/Alamat_Button/Menu Kelola Alamat Penerima'

2023-06-09 13:43:24 - [MESSAGE][WARNING] - Timeout '0' is invalid. Using default page load timeout: '10'

2023-06-09 13:43:25 - [MESSAGE][PASSED] - Tapped on element 'Object Repository/Profil/Alamat_Penerima/Alamat_Button/Menu Kelola Alamat Penerima'

2023-06-09 13:43:25 - [MESSAGE][PASSED] - Call Test Case 'Test Cases/Profil/Alamat_Penerima/TC_Alamat_Button' successfully

2023-06-09 13:43:25 - [TEST_STEP][PASSED] - tap(findTestObject("Profil/Alamat_Penerima/Ganti_Alamat/Pilih Alamat 2"), 0): Tapped on element 'Object Repository/Profil/Alamat_Penerima/Ganti_Alamat/Pilih Alamat 2'

2023-06-09 13:43:25 - [MESSAGE][WARNING] - Timeout '0' is invalid. Using default page load timeout: '10'

2023-06-09 13:43:28 - [MESSAGE][PASSED] - Tapped on element 'Object Repository/Profil/Alamat_Penerima/Ganti_Alamat/Pilih Alamat 2'

2023-06-09 13:43:28 - [TEST_STEP][PASSED] - takeScreenshot(getReportFolder() + "Ganti Alamat.png", CONTINUE_ON_FAILURE): Screenshot is taken

2023-06-09 13:43:30 - [MESSAGE][PASSED] - Screenshot is taken
[[ATTACHMENT|C:\Users\raiha\Documents\Katalon Studio\Mobile Klik IGR\Reports\20230609_134256\Profil\Alamat\Alamat\20230609_134256Ganti Alamat.png]]

2023-06-09 13:43:30 - [TEST_STEP][PASSED] - tap(findTestObject("Profil/Alamat_Penerima/Ganti_Alamat/Pilih Alamat 1"), 0): Tapped on element 'Object Repository/Profil/Alamat_Penerima/Ganti_Alamat/Pilih Alamat 1'

2023-06-09 13:43:30 - [MESSAGE][WARNING] - Timeout '0' is invalid. Using default page load timeout: '10'

2023-06-09 13:43:33 - [MESSAGE][PASSED] - Tapped on element 'Object Repository/Profil/Alamat_Penerima/Ganti_Alamat/Pilih Alamat 1'

2023-06-09 13:43:33 - [TEST_STEP][PASSED] - takeScreenshot(getReportFolder() + "Reset Pilihan Alamat.png", CONTINUE_ON_FAILURE): Screenshot is taken

2023-06-09 13:43:34 - [MESSAGE][PASSED] - Screenshot is taken
[[ATTACHMENT|C:\Users\raiha\Documents\Katalon Studio\Mobile Klik IGR\Reports\20230609_134256\Profil\Alamat\Alamat\20230609_134256Reset Pilihan Alamat.png]]

2023-06-09 13:43:34 - [TEST_STEP][PASSED] - delay(2, CONTINUE_ON_FAILURE): Delayed 2 second(s)

2023-06-09 13:43:36 - [MESSAGE][PASSED] - Delayed 2 second(s)

2023-06-09 13:43:36 - [TEST_STEP][PASSED] - closeApplication(): Close app successfully

2023-06-09 13:43:37 - [MESSAGE][PASSED] - Close app successfully

2023-06-09 13:43:37 - [TEST_STEP][PASSED] - delay(7, CONTINUE_ON_FAILURE): Delayed 7 second(s)

2023-06-09 13:43:44 - [MESSAGE][PASSED] - Delayed 7 second(s)]]></system-out>
         <system-err><![CDATA[]]></system-err>
      </testcase>
      <testcase name="Test Cases/Profil/Alamat_Penerima/Main/TC_Tambah_Alamat_Invalid" time="60.915" classname="Test Cases/Profil/Alamat_Penerima/Main/TC_Tambah_Alamat_Invalid" status="PASSED">
         <system-out><![CDATA[2023-06-09 13:43:44 - [TEST_CASE][PASSED] - Test Cases/Profil/Alamat_Penerima/Main/TC_Tambah_Alamat_Invalid: Test Cases/Profil/Alamat_Penerima/Main/TC_Tambah_Alamat_Invalid

2023-06-09 13:43:44 - [TEST_STEP][PASSED] - callTestCase(findTestCase("Profil/TC_Profil_Button"), [:], STOP_ON_FAILURE): Call Test Case 'Test Cases/Profil/TC_Profil_Button' successfully

2023-06-09 13:43:44 - [TEST_CASE][PASSED] - Test Cases/Profil/TC_Profil_Button: Test Cases/Profil/TC_Profil_Button

2023-06-09 13:43:44 - [TEST_STEP][PASSED] - startApplication(APP, false): Started app at: 'C:\Users\raiha\Documents\Katalon Studio\Mobile Klik IGR\AndroidApp\Klik Dev v6.0.31.apk'

2023-06-09 13:43:44 - [MESSAGE][INFO] - User set preference: ['appPackage', 'com.indogrosir.sd1.klikdev']

2023-06-09 13:43:44 - [MESSAGE][INFO] - User set preference: ['appActivity', 'com.example.klik_indogrosir_playground.MainActivity']

2023-06-09 13:43:44 - [MESSAGE][INFO] - User set preference: ['noReset', 'true']

2023-06-09 13:43:44 - [MESSAGE][INFO] - User set preference: ['fullReset', 'false']

2023-06-09 13:43:44 - [MESSAGE][INFO] - User set preference: ['deviceId', '']

2023-06-09 13:43:45 - [MESSAGE][INFO] - Detected NodeJS location: "C:\Program Files\nodejs\node.exe"

2023-06-09 13:43:46 - [MESSAGE][INFO] - Appium server started on port 58,432

2023-06-09 13:43:55 - [MESSAGE][PASSED] - Started app at: 'C:\Users\raiha\Documents\Katalon Studio\Mobile Klik IGR\AndroidApp\Klik Dev v6.0.31.apk'

2023-06-09 13:43:55 - [TEST_STEP][PASSED] - waitForElementPresent(findTestObject("Kategori/Ibu dan Anak"), 0): Element 'Object Repository/Kategori/Ibu dan Anak' is present

2023-06-09 13:43:55 - [MESSAGE][WARNING] - Timeout '0' is invalid. Using default page load timeout: '10'

2023-06-09 13:43:58 - [MESSAGE][PASSED] - Element 'Object Repository/Kategori/Ibu dan Anak' is present

2023-06-09 13:43:58 - [TEST_STEP][PASSED] - tap(findTestObject("Profil/Profil_Button/Menu Akun"), 0): Tapped on element 'Object Repository/Profil/Profil_Button/Menu Akun'

2023-06-09 13:43:58 - [MESSAGE][WARNING] - Timeout '0' is invalid. Using default page load timeout: '10'

2023-06-09 13:43:58 - [MESSAGE][PASSED] - Tapped on element 'Object Repository/Profil/Profil_Button/Menu Akun'

2023-06-09 13:43:58 - [MESSAGE][PASSED] - Call Test Case 'Test Cases/Profil/TC_Profil_Button' successfully

2023-06-09 13:43:58 - [TEST_STEP][PASSED] - callTestCase(findTestCase("Profil/Alamat_Penerima/TC_Alamat_Button"), [:], STOP_ON_FAILURE): Call Test Case 'Test Cases/Profil/Alamat_Penerima/TC_Alamat_Button' successfully

2023-06-09 13:43:59 - [TEST_CASE][PASSED] - Test Cases/Profil/Alamat_Penerima/TC_Alamat_Button: Test Cases/Profil/Alamat_Penerima/TC_Alamat_Button

2023-06-09 13:43:59 - [TEST_STEP][PASSED] - swipe(100, 350, 0, 0): Swiped from 100,350 to 0,0

2023-06-09 13:44:00 - [MESSAGE][PASSED] - Swiped from 100,350 to 0,0

2023-06-09 13:44:00 - [TEST_STEP][PASSED] - waitForElementPresent(findTestObject("Profil/Alamat_Penerima/Alamat_Button/Menu Kelola Alamat Penerima"), 0): Element 'Object Repository/Profil/Alamat_Penerima/Alamat_Button/Menu Kelola Alamat Penerima' is present

2023-06-09 13:44:00 - [MESSAGE][WARNING] - Timeout '0' is invalid. Using default page load timeout: '10'

2023-06-09 13:44:00 - [MESSAGE][PASSED] - Element 'Object Repository/Profil/Alamat_Penerima/Alamat_Button/Menu Kelola Alamat Penerima' is present

2023-06-09 13:44:00 - [TEST_STEP][PASSED] - tap(findTestObject("Profil/Alamat_Penerima/Alamat_Button/Menu Kelola Alamat Penerima"), 0): Tapped on element 'Object Repository/Profil/Alamat_Penerima/Alamat_Button/Menu Kelola Alamat Penerima'

2023-06-09 13:44:00 - [MESSAGE][WARNING] - Timeout '0' is invalid. Using default page load timeout: '10'

2023-06-09 13:44:01 - [MESSAGE][PASSED] - Tapped on element 'Object Repository/Profil/Alamat_Penerima/Alamat_Button/Menu Kelola Alamat Penerima'

2023-06-09 13:44:01 - [MESSAGE][PASSED] - Call Test Case 'Test Cases/Profil/Alamat_Penerima/TC_Alamat_Button' successfully

2023-06-09 13:44:01 - [TEST_STEP][PASSED] - callTestCase(findTestCase("Profil/Alamat_Penerima/Tambah Alamat/TC_Label_Valid"), [:], STOP_ON_FAILURE): Call Test Case 'Test Cases/Profil/Alamat_Penerima/Tambah Alamat/TC_Label_Valid' successfully

2023-06-09 13:44:01 - [TEST_CASE][PASSED] - Test Cases/Profil/Alamat_Penerima/Tambah Alamat/TC_Label_Valid: Test Cases/Profil/Alamat_Penerima/Tambah Alamat/TC_Label_Valid

2023-06-09 13:44:01 - [TEST_STEP][PASSED] - tap(findTestObject("Profil/Alamat_Penerima/Tambah Alamat/Tambah Alamat"), 0): Tapped on element 'Object Repository/Profil/Alamat_Penerima/Tambah Alamat/Tambah Alamat'

2023-06-09 13:44:01 - [MESSAGE][WARNING] - Timeout '0' is invalid. Using default page load timeout: '10'

2023-06-09 13:44:03 - [MESSAGE][PASSED] - Tapped on element 'Object Repository/Profil/Alamat_Penerima/Tambah Alamat/Tambah Alamat'

2023-06-09 13:44:03 - [TEST_STEP][PASSED] - tap(findTestObject("Profil/Alamat_Penerima/Tambah Alamat/Field Label"), 0): Tapped on element 'Object Repository/Profil/Alamat_Penerima/Tambah Alamat/Field Label'

2023-06-09 13:44:03 - [MESSAGE][WARNING] - Timeout '0' is invalid. Using default page load timeout: '10'

2023-06-09 13:44:03 - [MESSAGE][PASSED] - Tapped on element 'Object Repository/Profil/Alamat_Penerima/Tambah Alamat/Field Label'

2023-06-09 13:44:03 - [TEST_STEP][PASSED] - setText(findTestObject("Profil/Alamat_Penerima/Tambah Alamat/Field Label"), "Rumah Enin", 0): Text 'Rumah Enin' has been set to element 'Object Repository/Profil/Alamat_Penerima/Tambah Alamat/Field Label'

2023-06-09 13:44:04 - [MESSAGE][WARNING] - Timeout '0' is invalid. Using default page load timeout: '10'

2023-06-09 13:44:05 - [MESSAGE][PASSED] - Text 'Rumah Enin' has been set to element 'Object Repository/Profil/Alamat_Penerima/Tambah Alamat/Field Label'

2023-06-09 13:44:05 - [MESSAGE][PASSED] - Call Test Case 'Test Cases/Profil/Alamat_Penerima/Tambah Alamat/TC_Label_Valid' successfully

2023-06-09 13:44:05 - [TEST_STEP][PASSED] - callTestCase(findTestCase("Profil/Alamat_Penerima/Tambah Alamat/TC_Alamat_Lengkap_Invalid"), [:], STOP_ON_FAILURE): Call Test Case 'Test Cases/Profil/Alamat_Penerima/Tambah Alamat/TC_Alamat_Lengkap_Invalid' successfully

2023-06-09 13:44:05 - [TEST_CASE][PASSED] - Test Cases/Profil/Alamat_Penerima/Tambah Alamat/TC_Alamat_Lengkap_Invalid: Test Cases/Profil/Alamat_Penerima/Tambah Alamat/TC_Alamat_Lengkap_Invalid

2023-06-09 13:44:05 - [TEST_STEP][PASSED] - tap(findTestObject("Profil/Alamat_Penerima/Tambah Alamat/Field Alamat Lengkap"), 0): Tapped on element 'Object Repository/Profil/Alamat_Penerima/Tambah Alamat/Field Alamat Lengkap'

2023-06-09 13:44:05 - [MESSAGE][WARNING] - Timeout '0' is invalid. Using default page load timeout: '10'

2023-06-09 13:44:07 - [MESSAGE][PASSED] - Tapped on element 'Object Repository/Profil/Alamat_Penerima/Tambah Alamat/Field Alamat Lengkap'

2023-06-09 13:44:07 - [TEST_STEP][PASSED] - setText(findTestObject("Profil/Alamat_Penerima/Tambah Alamat/Field Alamat Lengkap"), "Jalan", 0): Text 'Jalan' has been set to element 'Object Repository/Profil/Alamat_Penerima/Tambah Alamat/Field Alamat Lengkap'

2023-06-09 13:44:07 - [MESSAGE][WARNING] - Timeout '0' is invalid. Using default page load timeout: '10'

2023-06-09 13:44:07 - [MESSAGE][PASSED] - Text 'Jalan' has been set to element 'Object Repository/Profil/Alamat_Penerima/Tambah Alamat/Field Alamat Lengkap'

2023-06-09 13:44:07 - [MESSAGE][PASSED] - Call Test Case 'Test Cases/Profil/Alamat_Penerima/Tambah Alamat/TC_Alamat_Lengkap_Invalid' successfully

2023-06-09 13:44:07 - [TEST_STEP][PASSED] - callTestCase(findTestCase("Profil/Alamat_Penerima/Tambah Alamat/TC_Address"), [:], STOP_ON_FAILURE): Call Test Case 'Test Cases/Profil/Alamat_Penerima/Tambah Alamat/TC_Address' successfully

2023-06-09 13:44:07 - [TEST_CASE][PASSED] - Test Cases/Profil/Alamat_Penerima/Tambah Alamat/TC_Address: Test Cases/Profil/Alamat_Penerima/Tambah Alamat/TC_Address

2023-06-09 13:44:08 - [TEST_STEP][PASSED] - tap(findTestObject("Profil/Alamat_Penerima/Tambah Alamat/Field Provinsi"), 0): Tapped on element 'Object Repository/Profil/Alamat_Penerima/Tambah Alamat/Field Provinsi'

2023-06-09 13:44:08 - [MESSAGE][WARNING] - Timeout '0' is invalid. Using default page load timeout: '10'

2023-06-09 13:44:09 - [MESSAGE][PASSED] - Tapped on element 'Object Repository/Profil/Alamat_Penerima/Tambah Alamat/Field Provinsi'

2023-06-09 13:44:09 - [TEST_STEP][PASSED] - waitForElementPresent(findTestObject("Profil/Alamat_Penerima/Tambah Alamat/Provinsi Banten"), 0): Element 'Object Repository/Profil/Alamat_Penerima/Tambah Alamat/Provinsi Banten' is present

2023-06-09 13:44:09 - [MESSAGE][WARNING] - Timeout '0' is invalid. Using default page load timeout: '10'

2023-06-09 13:44:09 - [MESSAGE][PASSED] - Element 'Object Repository/Profil/Alamat_Penerima/Tambah Alamat/Provinsi Banten' is present

2023-06-09 13:44:09 - [TEST_STEP][PASSED] - tap(findTestObject("Profil/Alamat_Penerima/Tambah Alamat/Provinsi Banten"), 0): Tapped on element 'Object Repository/Profil/Alamat_Penerima/Tambah Alamat/Provinsi Banten'

2023-06-09 13:44:09 - [MESSAGE][WARNING] - Timeout '0' is invalid. Using default page load timeout: '10'

2023-06-09 13:44:10 - [MESSAGE][PASSED] - Tapped on element 'Object Repository/Profil/Alamat_Penerima/Tambah Alamat/Provinsi Banten'

2023-06-09 13:44:10 - [TEST_STEP][PASSED] - delay(1, CONTINUE_ON_FAILURE): Delayed 1 second(s)

2023-06-09 13:44:11 - [MESSAGE][PASSED] - Delayed 1 second(s)

2023-06-09 13:44:11 - [TEST_STEP][PASSED] - tap(findTestObject("Profil/Alamat_Penerima/Tambah Alamat/Field Kota"), 0): Tapped on element 'Object Repository/Profil/Alamat_Penerima/Tambah Alamat/Field Kota'

2023-06-09 13:44:11 - [MESSAGE][WARNING] - Timeout '0' is invalid. Using default page load timeout: '10'

2023-06-09 13:44:12 - [MESSAGE][PASSED] - Tapped on element 'Object Repository/Profil/Alamat_Penerima/Tambah Alamat/Field Kota'

2023-06-09 13:44:12 - [TEST_STEP][PASSED] - delay(1, CONTINUE_ON_FAILURE): Delayed 1 second(s)

2023-06-09 13:44:13 - [MESSAGE][PASSED] - Delayed 1 second(s)

2023-06-09 13:44:13 - [TEST_STEP][PASSED] - tap(findTestObject("Profil/Alamat_Penerima/Tambah Alamat/Kabupaten Tangerang"), 0): Tapped on element 'Object Repository/Profil/Alamat_Penerima/Tambah Alamat/Kabupaten Tangerang'

2023-06-09 13:44:13 - [MESSAGE][WARNING] - Timeout '0' is invalid. Using default page load timeout: '10'

2023-06-09 13:44:14 - [MESSAGE][PASSED] - Tapped on element 'Object Repository/Profil/Alamat_Penerima/Tambah Alamat/Kabupaten Tangerang'

2023-06-09 13:44:14 - [TEST_STEP][PASSED] - delay(1, CONTINUE_ON_FAILURE): Delayed 1 second(s)

2023-06-09 13:44:15 - [MESSAGE][PASSED] - Delayed 1 second(s)

2023-06-09 13:44:15 - [TEST_STEP][PASSED] - tap(findTestObject("Profil/Alamat_Penerima/Tambah Alamat/Field Kecamatan"), 0): Tapped on element 'Object Repository/Profil/Alamat_Penerima/Tambah Alamat/Field Kecamatan'

2023-06-09 13:44:15 - [MESSAGE][WARNING] - Timeout '0' is invalid. Using default page load timeout: '10'

2023-06-09 13:44:16 - [MESSAGE][PASSED] - Tapped on element 'Object Repository/Profil/Alamat_Penerima/Tambah Alamat/Field Kecamatan'

2023-06-09 13:44:16 - [TEST_STEP][PASSED] - delay(1, CONTINUE_ON_FAILURE): Delayed 1 second(s)

2023-06-09 13:44:17 - [MESSAGE][PASSED] - Delayed 1 second(s)

2023-06-09 13:44:17 - [TEST_STEP][PASSED] - tap(findTestObject("Profil/Alamat_Penerima/Tambah Alamat/Kecamatan Cisauk"), 0): Tapped on element 'Object Repository/Profil/Alamat_Penerima/Tambah Alamat/Kecamatan Cisauk'

2023-06-09 13:44:17 - [MESSAGE][WARNING] - Timeout '0' is invalid. Using default page load timeout: '10'

2023-06-09 13:44:18 - [MESSAGE][PASSED] - Tapped on element 'Object Repository/Profil/Alamat_Penerima/Tambah Alamat/Kecamatan Cisauk'

2023-06-09 13:44:18 - [TEST_STEP][PASSED] - delay(1, CONTINUE_ON_FAILURE): Delayed 1 second(s)

2023-06-09 13:44:19 - [MESSAGE][PASSED] - Delayed 1 second(s)

2023-06-09 13:44:19 - [TEST_STEP][PASSED] - tap(findTestObject("Profil/Alamat_Penerima/Tambah Alamat/Field Kelurahan"), 0): Tapped on element 'Object Repository/Profil/Alamat_Penerima/Tambah Alamat/Field Kelurahan'

2023-06-09 13:44:19 - [MESSAGE][WARNING] - Timeout '0' is invalid. Using default page load timeout: '10'

2023-06-09 13:44:21 - [MESSAGE][PASSED] - Tapped on element 'Object Repository/Profil/Alamat_Penerima/Tambah Alamat/Field Kelurahan'

2023-06-09 13:44:21 - [TEST_STEP][PASSED] - delay(1, CONTINUE_ON_FAILURE): Delayed 1 second(s)

2023-06-09 13:44:22 - [MESSAGE][PASSED] - Delayed 1 second(s)

2023-06-09 13:44:22 - [TEST_STEP][PASSED] - tap(findTestObject("Profil/Alamat_Penerima/Tambah Alamat/Kelurahan Cisauk"), 0): Tapped on element 'Object Repository/Profil/Alamat_Penerima/Tambah Alamat/Kelurahan Cisauk'

2023-06-09 13:44:22 - [MESSAGE][WARNING] - Timeout '0' is invalid. Using default page load timeout: '10'

2023-06-09 13:44:23 - [MESSAGE][PASSED] - Tapped on element 'Object Repository/Profil/Alamat_Penerima/Tambah Alamat/Kelurahan Cisauk'

2023-06-09 13:44:23 - [TEST_STEP][PASSED] - delay(1, CONTINUE_ON_FAILURE): Delayed 1 second(s)

2023-06-09 13:44:24 - [MESSAGE][PASSED] - Delayed 1 second(s)

2023-06-09 13:44:24 - [MESSAGE][PASSED] - Call Test Case 'Test Cases/Profil/Alamat_Penerima/Tambah Alamat/TC_Address' successfully

2023-06-09 13:44:24 - [TEST_STEP][PASSED] - callTestCase(findTestCase("Profil/Alamat_Penerima/Tambah Alamat/TC_Field_Nomor_HP"), [:], STOP_ON_FAILURE): Call Test Case 'Test Cases/Profil/Alamat_Penerima/Tambah Alamat/TC_Field_Nomor_HP' successfully

2023-06-09 13:44:24 - [TEST_CASE][PASSED] - Test Cases/Profil/Alamat_Penerima/Tambah Alamat/TC_Field_Nomor_HP: Test Cases/Profil/Alamat_Penerima/Tambah Alamat/TC_Field_Nomor_HP

2023-06-09 13:44:24 - [TEST_STEP][PASSED] - tap(findTestObject("Profil/Alamat_Penerima/Tambah Alamat/Field Nomor HP"), 0): Tapped on element 'Object Repository/Profil/Alamat_Penerima/Tambah Alamat/Field Nomor HP'

2023-06-09 13:44:24 - [MESSAGE][WARNING] - Timeout '0' is invalid. Using default page load timeout: '10'

2023-06-09 13:44:26 - [MESSAGE][PASSED] - Tapped on element 'Object Repository/Profil/Alamat_Penerima/Tambah Alamat/Field Nomor HP'

2023-06-09 13:44:26 - [TEST_STEP][PASSED] - setText(findTestObject("Profil/Alamat_Penerima/Tambah Alamat/Field Nomor HP"), "081808195603", 0): Text '081808195603' has been set to element 'Object Repository/Profil/Alamat_Penerima/Tambah Alamat/Field Nomor HP'

2023-06-09 13:44:26 - [MESSAGE][WARNING] - Timeout '0' is invalid. Using default page load timeout: '10'

2023-06-09 13:44:26 - [MESSAGE][PASSED] - Text '081808195603' has been set to element 'Object Repository/Profil/Alamat_Penerima/Tambah Alamat/Field Nomor HP'

2023-06-09 13:44:26 - [TEST_STEP][PASSED] - pressBack(): Press back button successfully

2023-06-09 13:44:27 - [MESSAGE][PASSED] - Press back button successfully

2023-06-09 13:44:27 - [TEST_STEP][PASSED] - delay(1, CONTINUE_ON_FAILURE): Delayed 1 second(s)

2023-06-09 13:44:28 - [MESSAGE][PASSED] - Delayed 1 second(s)

2023-06-09 13:44:28 - [MESSAGE][PASSED] - Call Test Case 'Test Cases/Profil/Alamat_Penerima/Tambah Alamat/TC_Field_Nomor_HP' successfully

2023-06-09 13:44:28 - [TEST_STEP][PASSED] - callTestCase(findTestCase("Profil/Alamat_Penerima/Tambah Alamat/TC_Tandai_Lokasi"), [:], STOP_ON_FAILURE): Call Test Case 'Test Cases/Profil/Alamat_Penerima/Tambah Alamat/TC_Tandai_Lokasi' successfully

2023-06-09 13:44:28 - [TEST_CASE][PASSED] - Test Cases/Profil/Alamat_Penerima/Tambah Alamat/TC_Tandai_Lokasi: Test Cases/Profil/Alamat_Penerima/Tambah Alamat/TC_Tandai_Lokasi

2023-06-09 13:44:28 - [TEST_STEP][PASSED] - tap(findTestObject("Profil/Alamat_Penerima/Tambah Alamat/Tombol Tandai Lokasi"), 0): Tapped on element 'Object Repository/Profil/Alamat_Penerima/Tambah Alamat/Tombol Tandai Lokasi'

2023-06-09 13:44:28 - [MESSAGE][WARNING] - Timeout '0' is invalid. Using default page load timeout: '10'

2023-06-09 13:44:29 - [MESSAGE][PASSED] - Tapped on element 'Object Repository/Profil/Alamat_Penerima/Tambah Alamat/Tombol Tandai Lokasi'

2023-06-09 13:44:29 - [TEST_STEP][PASSED] - delay(2, CONTINUE_ON_FAILURE): Delayed 2 second(s)

2023-06-09 13:44:31 - [MESSAGE][PASSED] - Delayed 2 second(s)

2023-06-09 13:44:31 - [TEST_STEP][PASSED] - swipe(100, 400, 0, 0): Swiped from 100,400 to 0,0

2023-06-09 13:44:32 - [MESSAGE][PASSED] - Swiped from 100,400 to 0,0

2023-06-09 13:44:32 - [TEST_STEP][PASSED] - delay(2, CONTINUE_ON_FAILURE): Delayed 2 second(s)

2023-06-09 13:44:34 - [MESSAGE][PASSED] - Delayed 2 second(s)

2023-06-09 13:44:34 - [TEST_STEP][PASSED] - tap(findTestObject("Profil/Alamat_Penerima/Tambah Alamat/Konfirmasi Lokasi"), 0): Tapped on element 'Object Repository/Profil/Alamat_Penerima/Tambah Alamat/Konfirmasi Lokasi'

2023-06-09 13:44:34 - [MESSAGE][WARNING] - Timeout '0' is invalid. Using default page load timeout: '10'

2023-06-09 13:44:35 - [MESSAGE][PASSED] - Tapped on element 'Object Repository/Profil/Alamat_Penerima/Tambah Alamat/Konfirmasi Lokasi'

2023-06-09 13:44:35 - [TEST_STEP][PASSED] - waitForElementPresent(findTestObject("Profil/Alamat_Penerima/Edit Alamat/Tombol Simpan Alamat"), 0): Element 'Object Repository/Profil/Alamat_Penerima/Edit Alamat/Tombol Simpan Alamat' is present

2023-06-09 13:44:35 - [MESSAGE][WARNING] - Timeout '0' is invalid. Using default page load timeout: '10'

2023-06-09 13:44:35 - [MESSAGE][PASSED] - Element 'Object Repository/Profil/Alamat_Penerima/Edit Alamat/Tombol Simpan Alamat' is present

2023-06-09 13:44:35 - [MESSAGE][PASSED] - Call Test Case 'Test Cases/Profil/Alamat_Penerima/Tambah Alamat/TC_Tandai_Lokasi' successfully

2023-06-09 13:44:35 - [TEST_STEP][PASSED] - tap(findTestObject("Profil/Alamat_Penerima/Tambah Alamat/Tombol Simpan Alamat"), 0): Tapped on element 'Object Repository/Profil/Alamat_Penerima/Tambah Alamat/Tombol Simpan Alamat'

2023-06-09 13:44:35 - [MESSAGE][WARNING] - Timeout '0' is invalid. Using default page load timeout: '10'

2023-06-09 13:44:36 - [MESSAGE][PASSED] - Tapped on element 'Object Repository/Profil/Alamat_Penerima/Tambah Alamat/Tombol Simpan Alamat'

2023-06-09 13:44:36 - [TEST_STEP][PASSED] - waitForElementPresent(findTestObject("Profil/Alamat_Penerima/Tambah Alamat/Alert minimal alamat lengkap"), 0): Element 'Object Repository/Profil/Alamat_Penerima/Tambah Alamat/Alert minimal alamat lengkap' is present

2023-06-09 13:44:36 - [MESSAGE][WARNING] - Timeout '0' is invalid. Using default page load timeout: '10'

2023-06-09 13:44:36 - [MESSAGE][PASSED] - Element 'Object Repository/Profil/Alamat_Penerima/Tambah Alamat/Alert minimal alamat lengkap' is present

2023-06-09 13:44:36 - [TEST_STEP][PASSED] - verifyElementExist(findTestObject("Profil/Alamat_Penerima/Tambah Alamat/Alert minimal alamat lengkap"), 0): Element 'Object Repository/Profil/Alamat_Penerima/Tambah Alamat/Alert minimal alamat lengkap' is exist

2023-06-09 13:44:37 - [MESSAGE][WARNING] - Timeout '0' is invalid. Using default page load timeout: '10'

2023-06-09 13:44:37 - [MESSAGE][PASSED] - Element 'Object Repository/Profil/Alamat_Penerima/Tambah Alamat/Alert minimal alamat lengkap' is exist

2023-06-09 13:44:37 - [TEST_STEP][PASSED] - takeScreenshot(getReportFolder() + "Alert Alamat Lengkap.png", CONTINUE_ON_FAILURE): Screenshot is taken

2023-06-09 13:44:38 - [MESSAGE][PASSED] - Screenshot is taken
[[ATTACHMENT|C:\Users\raiha\Documents\Katalon Studio\Mobile Klik IGR\Reports\20230609_134256\Profil\Alamat\Alamat\20230609_134256Alert Alamat Lengkap.png]]

2023-06-09 13:44:38 - [TEST_STEP][PASSED] - closeApplication(): Close app successfully

2023-06-09 13:44:38 - [MESSAGE][PASSED] - Close app successfully

2023-06-09 13:44:38 - [TEST_STEP][PASSED] - delay(7, CONTINUE_ON_FAILURE): Delayed 7 second(s)

2023-06-09 13:44:45 - [MESSAGE][PASSED] - Delayed 7 second(s)]]></system-out>
         <system-err><![CDATA[]]></system-err>
      </testcase>
      <testcase name="Test Cases/Profil/Alamat_Penerima/Main/TC_Tambah_Alamat" time="62.613" classname="Test Cases/Profil/Alamat_Penerima/Main/TC_Tambah_Alamat" status="PASSED">
         <system-out><![CDATA[2023-06-09 13:44:45 - [TEST_CASE][PASSED] - Test Cases/Profil/Alamat_Penerima/Main/TC_Tambah_Alamat: Test Cases/Profil/Alamat_Penerima/Main/TC_Tambah_Alamat

2023-06-09 13:44:45 - [TEST_STEP][PASSED] - callTestCase(findTestCase("Profil/TC_Profil_Button"), [:], STOP_ON_FAILURE): Call Test Case 'Test Cases/Profil/TC_Profil_Button' successfully

2023-06-09 13:44:45 - [TEST_CASE][PASSED] - Test Cases/Profil/TC_Profil_Button: Test Cases/Profil/TC_Profil_Button

2023-06-09 13:44:45 - [TEST_STEP][PASSED] - startApplication(APP, false): Started app at: 'C:\Users\raiha\Documents\Katalon Studio\Mobile Klik IGR\AndroidApp\Klik Dev v6.0.31.apk'

2023-06-09 13:44:45 - [MESSAGE][INFO] - User set preference: ['appPackage', 'com.indogrosir.sd1.klikdev']

2023-06-09 13:44:45 - [MESSAGE][INFO] - User set preference: ['appActivity', 'com.example.klik_indogrosir_playground.MainActivity']

2023-06-09 13:44:45 - [MESSAGE][INFO] - User set preference: ['noReset', 'true']

2023-06-09 13:44:45 - [MESSAGE][INFO] - User set preference: ['fullReset', 'false']

2023-06-09 13:44:45 - [MESSAGE][INFO] - User set preference: ['deviceId', '']

2023-06-09 13:44:46 - [MESSAGE][INFO] - Detected NodeJS location: "C:\Program Files\nodejs\node.exe"

2023-06-09 13:44:47 - [MESSAGE][INFO] - Appium server started on port 58,549

2023-06-09 13:44:55 - [MESSAGE][PASSED] - Started app at: 'C:\Users\raiha\Documents\Katalon Studio\Mobile Klik IGR\AndroidApp\Klik Dev v6.0.31.apk'

2023-06-09 13:44:55 - [TEST_STEP][PASSED] - waitForElementPresent(findTestObject("Kategori/Ibu dan Anak"), 0): Element 'Object Repository/Kategori/Ibu dan Anak' is present

2023-06-09 13:44:55 - [MESSAGE][WARNING] - Timeout '0' is invalid. Using default page load timeout: '10'

2023-06-09 13:44:59 - [MESSAGE][PASSED] - Element 'Object Repository/Kategori/Ibu dan Anak' is present

2023-06-09 13:44:59 - [TEST_STEP][PASSED] - tap(findTestObject("Profil/Profil_Button/Menu Akun"), 0): Tapped on element 'Object Repository/Profil/Profil_Button/Menu Akun'

2023-06-09 13:44:59 - [MESSAGE][WARNING] - Timeout '0' is invalid. Using default page load timeout: '10'

2023-06-09 13:45:00 - [MESSAGE][PASSED] - Tapped on element 'Object Repository/Profil/Profil_Button/Menu Akun'

2023-06-09 13:45:00 - [MESSAGE][PASSED] - Call Test Case 'Test Cases/Profil/TC_Profil_Button' successfully

2023-06-09 13:45:00 - [TEST_STEP][PASSED] - callTestCase(findTestCase("Profil/Alamat_Penerima/TC_Alamat_Button"), [:], STOP_ON_FAILURE): Call Test Case 'Test Cases/Profil/Alamat_Penerima/TC_Alamat_Button' successfully

2023-06-09 13:45:00 - [TEST_CASE][PASSED] - Test Cases/Profil/Alamat_Penerima/TC_Alamat_Button: Test Cases/Profil/Alamat_Penerima/TC_Alamat_Button

2023-06-09 13:45:00 - [TEST_STEP][PASSED] - swipe(100, 350, 0, 0): Swiped from 100,350 to 0,0

2023-06-09 13:45:01 - [MESSAGE][PASSED] - Swiped from 100,350 to 0,0

2023-06-09 13:45:01 - [TEST_STEP][PASSED] - waitForElementPresent(findTestObject("Profil/Alamat_Penerima/Alamat_Button/Menu Kelola Alamat Penerima"), 0): Element 'Object Repository/Profil/Alamat_Penerima/Alamat_Button/Menu Kelola Alamat Penerima' is present

2023-06-09 13:45:01 - [MESSAGE][WARNING] - Timeout '0' is invalid. Using default page load timeout: '10'

2023-06-09 13:45:01 - [MESSAGE][PASSED] - Element 'Object Repository/Profil/Alamat_Penerima/Alamat_Button/Menu Kelola Alamat Penerima' is present

2023-06-09 13:45:01 - [TEST_STEP][PASSED] - tap(findTestObject("Profil/Alamat_Penerima/Alamat_Button/Menu Kelola Alamat Penerima"), 0): Tapped on element 'Object Repository/Profil/Alamat_Penerima/Alamat_Button/Menu Kelola Alamat Penerima'

2023-06-09 13:45:01 - [MESSAGE][WARNING] - Timeout '0' is invalid. Using default page load timeout: '10'

2023-06-09 13:45:02 - [MESSAGE][PASSED] - Tapped on element 'Object Repository/Profil/Alamat_Penerima/Alamat_Button/Menu Kelola Alamat Penerima'

2023-06-09 13:45:02 - [MESSAGE][PASSED] - Call Test Case 'Test Cases/Profil/Alamat_Penerima/TC_Alamat_Button' successfully

2023-06-09 13:45:02 - [TEST_STEP][PASSED] - callTestCase(findTestCase("Profil/Alamat_Penerima/Tambah Alamat/TC_Label_Valid"), [:], STOP_ON_FAILURE): Call Test Case 'Test Cases/Profil/Alamat_Penerima/Tambah Alamat/TC_Label_Valid' successfully

2023-06-09 13:45:02 - [TEST_CASE][PASSED] - Test Cases/Profil/Alamat_Penerima/Tambah Alamat/TC_Label_Valid: Test Cases/Profil/Alamat_Penerima/Tambah Alamat/TC_Label_Valid

2023-06-09 13:45:02 - [TEST_STEP][PASSED] - tap(findTestObject("Profil/Alamat_Penerima/Tambah Alamat/Tambah Alamat"), 0): Tapped on element 'Object Repository/Profil/Alamat_Penerima/Tambah Alamat/Tambah Alamat'

2023-06-09 13:45:02 - [MESSAGE][WARNING] - Timeout '0' is invalid. Using default page load timeout: '10'

2023-06-09 13:45:04 - [MESSAGE][PASSED] - Tapped on element 'Object Repository/Profil/Alamat_Penerima/Tambah Alamat/Tambah Alamat'

2023-06-09 13:45:04 - [TEST_STEP][PASSED] - tap(findTestObject("Profil/Alamat_Penerima/Tambah Alamat/Field Label"), 0): Tapped on element 'Object Repository/Profil/Alamat_Penerima/Tambah Alamat/Field Label'

2023-06-09 13:45:04 - [MESSAGE][WARNING] - Timeout '0' is invalid. Using default page load timeout: '10'

2023-06-09 13:45:04 - [MESSAGE][PASSED] - Tapped on element 'Object Repository/Profil/Alamat_Penerima/Tambah Alamat/Field Label'

2023-06-09 13:45:04 - [TEST_STEP][PASSED] - setText(findTestObject("Profil/Alamat_Penerima/Tambah Alamat/Field Label"), "Rumah Enin", 0): Text 'Rumah Enin' has been set to element 'Object Repository/Profil/Alamat_Penerima/Tambah Alamat/Field Label'

2023-06-09 13:45:04 - [MESSAGE][WARNING] - Timeout '0' is invalid. Using default page load timeout: '10'

2023-06-09 13:45:06 - [MESSAGE][PASSED] - Text 'Rumah Enin' has been set to element 'Object Repository/Profil/Alamat_Penerima/Tambah Alamat/Field Label'

2023-06-09 13:45:06 - [MESSAGE][PASSED] - Call Test Case 'Test Cases/Profil/Alamat_Penerima/Tambah Alamat/TC_Label_Valid' successfully

2023-06-09 13:45:06 - [TEST_STEP][PASSED] - callTestCase(findTestCase("Profil/Alamat_Penerima/Tambah Alamat/TC_Alamat_Lengkap_Valid"), [:], STOP_ON_FAILURE): Call Test Case 'Test Cases/Profil/Alamat_Penerima/Tambah Alamat/TC_Alamat_Lengkap_Valid' successfully

2023-06-09 13:45:06 - [TEST_CASE][PASSED] - Test Cases/Profil/Alamat_Penerima/Tambah Alamat/TC_Alamat_Lengkap_Valid: Test Cases/Profil/Alamat_Penerima/Tambah Alamat/TC_Alamat_Lengkap_Valid

2023-06-09 13:45:06 - [TEST_STEP][PASSED] - tap(findTestObject("Profil/Alamat_Penerima/Tambah Alamat/Field Alamat Lengkap"), 0): Tapped on element 'Object Repository/Profil/Alamat_Penerima/Tambah Alamat/Field Alamat Lengkap'

2023-06-09 13:45:06 - [MESSAGE][WARNING] - Timeout '0' is invalid. Using default page load timeout: '10'

2023-06-09 13:45:07 - [MESSAGE][PASSED] - Tapped on element 'Object Repository/Profil/Alamat_Penerima/Tambah Alamat/Field Alamat Lengkap'

2023-06-09 13:45:07 - [TEST_STEP][PASSED] - setText(findTestObject("Profil/Alamat_Penerima/Tambah Alamat/Field Alamat Lengkap"), "Jl. Ke Bogor Jauh", 0): Text 'Jl. Ke Bogor Jauh' has been set to element 'Object Repository/Profil/Alamat_Penerima/Tambah Alamat/Field Alamat Lengkap'

2023-06-09 13:45:07 - [MESSAGE][WARNING] - Timeout '0' is invalid. Using default page load timeout: '10'

2023-06-09 13:45:08 - [MESSAGE][PASSED] - Text 'Jl. Ke Bogor Jauh' has been set to element 'Object Repository/Profil/Alamat_Penerima/Tambah Alamat/Field Alamat Lengkap'

2023-06-09 13:45:08 - [MESSAGE][PASSED] - Call Test Case 'Test Cases/Profil/Alamat_Penerima/Tambah Alamat/TC_Alamat_Lengkap_Valid' successfully

2023-06-09 13:45:08 - [TEST_STEP][PASSED] - callTestCase(findTestCase("Profil/Alamat_Penerima/Tambah Alamat/TC_Address"), [:], STOP_ON_FAILURE): Call Test Case 'Test Cases/Profil/Alamat_Penerima/Tambah Alamat/TC_Address' successfully

2023-06-09 13:45:08 - [TEST_CASE][PASSED] - Test Cases/Profil/Alamat_Penerima/Tambah Alamat/TC_Address: Test Cases/Profil/Alamat_Penerima/Tambah Alamat/TC_Address

2023-06-09 13:45:08 - [TEST_STEP][PASSED] - tap(findTestObject("Profil/Alamat_Penerima/Tambah Alamat/Field Provinsi"), 0): Tapped on element 'Object Repository/Profil/Alamat_Penerima/Tambah Alamat/Field Provinsi'

2023-06-09 13:45:08 - [MESSAGE][WARNING] - Timeout '0' is invalid. Using default page load timeout: '10'

2023-06-09 13:45:09 - [MESSAGE][PASSED] - Tapped on element 'Object Repository/Profil/Alamat_Penerima/Tambah Alamat/Field Provinsi'

2023-06-09 13:45:09 - [TEST_STEP][PASSED] - waitForElementPresent(findTestObject("Profil/Alamat_Penerima/Tambah Alamat/Provinsi Banten"), 0): Element 'Object Repository/Profil/Alamat_Penerima/Tambah Alamat/Provinsi Banten' is present

2023-06-09 13:45:09 - [MESSAGE][WARNING] - Timeout '0' is invalid. Using default page load timeout: '10'

2023-06-09 13:45:09 - [MESSAGE][PASSED] - Element 'Object Repository/Profil/Alamat_Penerima/Tambah Alamat/Provinsi Banten' is present

2023-06-09 13:45:09 - [TEST_STEP][PASSED] - tap(findTestObject("Profil/Alamat_Penerima/Tambah Alamat/Provinsi Banten"), 0): Tapped on element 'Object Repository/Profil/Alamat_Penerima/Tambah Alamat/Provinsi Banten'

2023-06-09 13:45:10 - [MESSAGE][WARNING] - Timeout '0' is invalid. Using default page load timeout: '10'

2023-06-09 13:45:10 - [MESSAGE][PASSED] - Tapped on element 'Object Repository/Profil/Alamat_Penerima/Tambah Alamat/Provinsi Banten'

2023-06-09 13:45:10 - [TEST_STEP][PASSED] - delay(1, CONTINUE_ON_FAILURE): Delayed 1 second(s)

2023-06-09 13:45:11 - [MESSAGE][PASSED] - Delayed 1 second(s)

2023-06-09 13:45:11 - [TEST_STEP][PASSED] - tap(findTestObject("Profil/Alamat_Penerima/Tambah Alamat/Field Kota"), 0): Tapped on element 'Object Repository/Profil/Alamat_Penerima/Tambah Alamat/Field Kota'

2023-06-09 13:45:11 - [MESSAGE][WARNING] - Timeout '0' is invalid. Using default page load timeout: '10'

2023-06-09 13:45:13 - [MESSAGE][PASSED] - Tapped on element 'Object Repository/Profil/Alamat_Penerima/Tambah Alamat/Field Kota'

2023-06-09 13:45:13 - [TEST_STEP][PASSED] - delay(1, CONTINUE_ON_FAILURE): Delayed 1 second(s)

2023-06-09 13:45:14 - [MESSAGE][PASSED] - Delayed 1 second(s)

2023-06-09 13:45:14 - [TEST_STEP][PASSED] - tap(findTestObject("Profil/Alamat_Penerima/Tambah Alamat/Kabupaten Tangerang"), 0): Tapped on element 'Object Repository/Profil/Alamat_Penerima/Tambah Alamat/Kabupaten Tangerang'

2023-06-09 13:45:14 - [MESSAGE][WARNING] - Timeout '0' is invalid. Using default page load timeout: '10'

2023-06-09 13:45:15 - [MESSAGE][PASSED] - Tapped on element 'Object Repository/Profil/Alamat_Penerima/Tambah Alamat/Kabupaten Tangerang'

2023-06-09 13:45:15 - [TEST_STEP][PASSED] - delay(1, CONTINUE_ON_FAILURE): Delayed 1 second(s)

2023-06-09 13:45:16 - [MESSAGE][PASSED] - Delayed 1 second(s)

2023-06-09 13:45:16 - [TEST_STEP][PASSED] - tap(findTestObject("Profil/Alamat_Penerima/Tambah Alamat/Field Kecamatan"), 0): Tapped on element 'Object Repository/Profil/Alamat_Penerima/Tambah Alamat/Field Kecamatan'

2023-06-09 13:45:16 - [MESSAGE][WARNING] - Timeout '0' is invalid. Using default page load timeout: '10'

2023-06-09 13:45:17 - [MESSAGE][PASSED] - Tapped on element 'Object Repository/Profil/Alamat_Penerima/Tambah Alamat/Field Kecamatan'

2023-06-09 13:45:17 - [TEST_STEP][PASSED] - delay(1, CONTINUE_ON_FAILURE): Delayed 1 second(s)

2023-06-09 13:45:18 - [MESSAGE][PASSED] - Delayed 1 second(s)

2023-06-09 13:45:18 - [TEST_STEP][PASSED] - tap(findTestObject("Profil/Alamat_Penerima/Tambah Alamat/Kecamatan Cisauk"), 0): Tapped on element 'Object Repository/Profil/Alamat_Penerima/Tambah Alamat/Kecamatan Cisauk'

2023-06-09 13:45:18 - [MESSAGE][WARNING] - Timeout '0' is invalid. Using default page load timeout: '10'

2023-06-09 13:45:19 - [MESSAGE][PASSED] - Tapped on element 'Object Repository/Profil/Alamat_Penerima/Tambah Alamat/Kecamatan Cisauk'

2023-06-09 13:45:19 - [TEST_STEP][PASSED] - delay(1, CONTINUE_ON_FAILURE): Delayed 1 second(s)

2023-06-09 13:45:20 - [MESSAGE][PASSED] - Delayed 1 second(s)

2023-06-09 13:45:20 - [TEST_STEP][PASSED] - tap(findTestObject("Profil/Alamat_Penerima/Tambah Alamat/Field Kelurahan"), 0): Tapped on element 'Object Repository/Profil/Alamat_Penerima/Tambah Alamat/Field Kelurahan'

2023-06-09 13:45:20 - [MESSAGE][WARNING] - Timeout '0' is invalid. Using default page load timeout: '10'

2023-06-09 13:45:21 - [MESSAGE][PASSED] - Tapped on element 'Object Repository/Profil/Alamat_Penerima/Tambah Alamat/Field Kelurahan'

2023-06-09 13:45:21 - [TEST_STEP][PASSED] - delay(1, CONTINUE_ON_FAILURE): Delayed 1 second(s)

2023-06-09 13:45:22 - [MESSAGE][PASSED] - Delayed 1 second(s)

2023-06-09 13:45:22 - [TEST_STEP][PASSED] - tap(findTestObject("Profil/Alamat_Penerima/Tambah Alamat/Kelurahan Cisauk"), 0): Tapped on element 'Object Repository/Profil/Alamat_Penerima/Tambah Alamat/Kelurahan Cisauk'

2023-06-09 13:45:22 - [MESSAGE][WARNING] - Timeout '0' is invalid. Using default page load timeout: '10'

2023-06-09 13:45:23 - [MESSAGE][PASSED] - Tapped on element 'Object Repository/Profil/Alamat_Penerima/Tambah Alamat/Kelurahan Cisauk'

2023-06-09 13:45:23 - [TEST_STEP][PASSED] - delay(1, CONTINUE_ON_FAILURE): Delayed 1 second(s)

2023-06-09 13:45:24 - [MESSAGE][PASSED] - Delayed 1 second(s)

2023-06-09 13:45:24 - [MESSAGE][PASSED] - Call Test Case 'Test Cases/Profil/Alamat_Penerima/Tambah Alamat/TC_Address' successfully

2023-06-09 13:45:24 - [TEST_STEP][PASSED] - callTestCase(findTestCase("Profil/Alamat_Penerima/Tambah Alamat/TC_Field_Nomor_HP"), [:], STOP_ON_FAILURE): Call Test Case 'Test Cases/Profil/Alamat_Penerima/Tambah Alamat/TC_Field_Nomor_HP' successfully

2023-06-09 13:45:24 - [TEST_CASE][PASSED] - Test Cases/Profil/Alamat_Penerima/Tambah Alamat/TC_Field_Nomor_HP: Test Cases/Profil/Alamat_Penerima/Tambah Alamat/TC_Field_Nomor_HP

2023-06-09 13:45:24 - [TEST_STEP][PASSED] - tap(findTestObject("Profil/Alamat_Penerima/Tambah Alamat/Field Nomor HP"), 0): Tapped on element 'Object Repository/Profil/Alamat_Penerima/Tambah Alamat/Field Nomor HP'

2023-06-09 13:45:24 - [MESSAGE][WARNING] - Timeout '0' is invalid. Using default page load timeout: '10'

2023-06-09 13:45:24 - [MESSAGE][PASSED] - Tapped on element 'Object Repository/Profil/Alamat_Penerima/Tambah Alamat/Field Nomor HP'

2023-06-09 13:45:24 - [TEST_STEP][PASSED] - setText(findTestObject("Profil/Alamat_Penerima/Tambah Alamat/Field Nomor HP"), "081808195603", 0): Text '081808195603' has been set to element 'Object Repository/Profil/Alamat_Penerima/Tambah Alamat/Field Nomor HP'

2023-06-09 13:45:24 - [MESSAGE][WARNING] - Timeout '0' is invalid. Using default page load timeout: '10'

2023-06-09 13:45:26 - [MESSAGE][PASSED] - Text '081808195603' has been set to element 'Object Repository/Profil/Alamat_Penerima/Tambah Alamat/Field Nomor HP'

2023-06-09 13:45:26 - [TEST_STEP][PASSED] - pressBack(): Press back button successfully

2023-06-09 13:45:26 - [MESSAGE][PASSED] - Press back button successfully

2023-06-09 13:45:26 - [TEST_STEP][PASSED] - delay(1, CONTINUE_ON_FAILURE): Delayed 1 second(s)

2023-06-09 13:45:27 - [MESSAGE][PASSED] - Delayed 1 second(s)

2023-06-09 13:45:27 - [MESSAGE][PASSED] - Call Test Case 'Test Cases/Profil/Alamat_Penerima/Tambah Alamat/TC_Field_Nomor_HP' successfully

2023-06-09 13:45:27 - [TEST_STEP][PASSED] - callTestCase(findTestCase("Profil/Alamat_Penerima/Tambah Alamat/TC_Tandai_Lokasi"), [:], STOP_ON_FAILURE): Call Test Case 'Test Cases/Profil/Alamat_Penerima/Tambah Alamat/TC_Tandai_Lokasi' successfully

2023-06-09 13:45:27 - [TEST_CASE][PASSED] - Test Cases/Profil/Alamat_Penerima/Tambah Alamat/TC_Tandai_Lokasi: Test Cases/Profil/Alamat_Penerima/Tambah Alamat/TC_Tandai_Lokasi

2023-06-09 13:45:27 - [TEST_STEP][PASSED] - tap(findTestObject("Profil/Alamat_Penerima/Tambah Alamat/Tombol Tandai Lokasi"), 0): Tapped on element 'Object Repository/Profil/Alamat_Penerima/Tambah Alamat/Tombol Tandai Lokasi'

2023-06-09 13:45:27 - [MESSAGE][WARNING] - Timeout '0' is invalid. Using default page load timeout: '10'

2023-06-09 13:45:29 - [MESSAGE][PASSED] - Tapped on element 'Object Repository/Profil/Alamat_Penerima/Tambah Alamat/Tombol Tandai Lokasi'

2023-06-09 13:45:29 - [TEST_STEP][PASSED] - delay(2, CONTINUE_ON_FAILURE): Delayed 2 second(s)

2023-06-09 13:45:31 - [MESSAGE][PASSED] - Delayed 2 second(s)

2023-06-09 13:45:31 - [TEST_STEP][PASSED] - swipe(100, 400, 0, 0): Swiped from 100,400 to 0,0

2023-06-09 13:45:32 - [MESSAGE][PASSED] - Swiped from 100,400 to 0,0

2023-06-09 13:45:32 - [TEST_STEP][PASSED] - delay(2, CONTINUE_ON_FAILURE): Delayed 2 second(s)

2023-06-09 13:45:34 - [MESSAGE][PASSED] - Delayed 2 second(s)

2023-06-09 13:45:34 - [TEST_STEP][PASSED] - tap(findTestObject("Profil/Alamat_Penerima/Tambah Alamat/Konfirmasi Lokasi"), 0): Tapped on element 'Object Repository/Profil/Alamat_Penerima/Tambah Alamat/Konfirmasi Lokasi'

2023-06-09 13:45:34 - [MESSAGE][WARNING] - Timeout '0' is invalid. Using default page load timeout: '10'

2023-06-09 13:45:35 - [MESSAGE][PASSED] - Tapped on element 'Object Repository/Profil/Alamat_Penerima/Tambah Alamat/Konfirmasi Lokasi'

2023-06-09 13:45:35 - [TEST_STEP][PASSED] - waitForElementPresent(findTestObject("Profil/Alamat_Penerima/Edit Alamat/Tombol Simpan Alamat"), 0): Element 'Object Repository/Profil/Alamat_Penerima/Edit Alamat/Tombol Simpan Alamat' is present

2023-06-09 13:45:35 - [MESSAGE][WARNING] - Timeout '0' is invalid. Using default page load timeout: '10'

2023-06-09 13:45:35 - [MESSAGE][PASSED] - Element 'Object Repository/Profil/Alamat_Penerima/Edit Alamat/Tombol Simpan Alamat' is present

2023-06-09 13:45:35 - [MESSAGE][PASSED] - Call Test Case 'Test Cases/Profil/Alamat_Penerima/Tambah Alamat/TC_Tandai_Lokasi' successfully

2023-06-09 13:45:35 - [TEST_STEP][PASSED] - tap(findTestObject("Profil/Alamat_Penerima/Tambah Alamat/Tombol Simpan Alamat"), 0): Tapped on element 'Object Repository/Profil/Alamat_Penerima/Tambah Alamat/Tombol Simpan Alamat'

2023-06-09 13:45:35 - [MESSAGE][WARNING] - Timeout '0' is invalid. Using default page load timeout: '10'

2023-06-09 13:45:36 - [MESSAGE][PASSED] - Tapped on element 'Object Repository/Profil/Alamat_Penerima/Tambah Alamat/Tombol Simpan Alamat'

2023-06-09 13:45:36 - [TEST_STEP][PASSED] - waitForElementPresent(findTestObject("Profil/Alamat_Penerima/Tambah Alamat/Tutup Berhasil Tambah Alamat"), 0): Element 'Object Repository/Profil/Alamat_Penerima/Tambah Alamat/Tutup Berhasil Tambah Alamat' is present

2023-06-09 13:45:36 - [MESSAGE][WARNING] - Timeout '0' is invalid. Using default page load timeout: '10'

2023-06-09 13:45:36 - [MESSAGE][PASSED] - Element 'Object Repository/Profil/Alamat_Penerima/Tambah Alamat/Tutup Berhasil Tambah Alamat' is present

2023-06-09 13:45:36 - [TEST_STEP][PASSED] - takeScreenshot(getReportFolder() + "Berhasil Tambah Alamat.png", CONTINUE_ON_FAILURE): Screenshot is taken

2023-06-09 13:45:37 - [MESSAGE][PASSED] - Screenshot is taken
[[ATTACHMENT|C:\Users\raiha\Documents\Katalon Studio\Mobile Klik IGR\Reports\20230609_134256\Profil\Alamat\Alamat\20230609_134256Berhasil Tambah Alamat.png]]

2023-06-09 13:45:37 - [TEST_STEP][PASSED] - tap(findTestObject("Profil/Alamat_Penerima/Tambah Alamat/Tutup Berhasil Tambah Alamat"), 0): Tapped on element 'Object Repository/Profil/Alamat_Penerima/Tambah Alamat/Tutup Berhasil Tambah Alamat'

2023-06-09 13:45:37 - [MESSAGE][WARNING] - Timeout '0' is invalid. Using default page load timeout: '10'

2023-06-09 13:45:38 - [MESSAGE][PASSED] - Tapped on element 'Object Repository/Profil/Alamat_Penerima/Tambah Alamat/Tutup Berhasil Tambah Alamat'

2023-06-09 13:45:38 - [TEST_STEP][PASSED] - delay(2, CONTINUE_ON_FAILURE): Delayed 2 second(s)

2023-06-09 13:45:40 - [MESSAGE][PASSED] - Delayed 2 second(s)

2023-06-09 13:45:40 - [TEST_STEP][PASSED] - closeApplication(): Close app successfully

2023-06-09 13:45:40 - [MESSAGE][PASSED] - Close app successfully

2023-06-09 13:45:40 - [TEST_STEP][PASSED] - delay(7, CONTINUE_ON_FAILURE): Delayed 7 second(s)

2023-06-09 13:45:48 - [MESSAGE][PASSED] - Delayed 7 second(s)]]></system-out>
         <system-err><![CDATA[]]></system-err>
      </testcase>
      <testcase name="Test Cases/Profil/Alamat_Penerima/Main/TC_Hapus_Alamat" time="25.602" classname="Test Cases/Profil/Alamat_Penerima/Main/TC_Hapus_Alamat" status="PASSED">
         <system-out><![CDATA[2023-06-09 13:45:48 - [TEST_CASE][PASSED] - Test Cases/Profil/Alamat_Penerima/Main/TC_Hapus_Alamat: Test Cases/Profil/Alamat_Penerima/Main/TC_Hapus_Alamat

2023-06-09 13:45:48 - [TEST_STEP][PASSED] - callTestCase(findTestCase("Profil/TC_Profil_Button"), [:], STOP_ON_FAILURE): Call Test Case 'Test Cases/Profil/TC_Profil_Button' successfully

2023-06-09 13:45:48 - [TEST_CASE][PASSED] - Test Cases/Profil/TC_Profil_Button: Test Cases/Profil/TC_Profil_Button

2023-06-09 13:45:48 - [TEST_STEP][PASSED] - startApplication(APP, false): Started app at: 'C:\Users\raiha\Documents\Katalon Studio\Mobile Klik IGR\AndroidApp\Klik Dev v6.0.31.apk'

2023-06-09 13:45:48 - [MESSAGE][INFO] - User set preference: ['appPackage', 'com.indogrosir.sd1.klikdev']

2023-06-09 13:45:48 - [MESSAGE][INFO] - User set preference: ['appActivity', 'com.example.klik_indogrosir_playground.MainActivity']

2023-06-09 13:45:48 - [MESSAGE][INFO] - User set preference: ['noReset', 'true']

2023-06-09 13:45:48 - [MESSAGE][INFO] - User set preference: ['fullReset', 'false']

2023-06-09 13:45:48 - [MESSAGE][INFO] - User set preference: ['deviceId', '']

2023-06-09 13:45:48 - [MESSAGE][INFO] - Detected NodeJS location: "C:\Program Files\nodejs\node.exe"

2023-06-09 13:45:49 - [MESSAGE][INFO] - Appium server started on port 58,663

2023-06-09 13:45:58 - [MESSAGE][PASSED] - Started app at: 'C:\Users\raiha\Documents\Katalon Studio\Mobile Klik IGR\AndroidApp\Klik Dev v6.0.31.apk'

2023-06-09 13:45:58 - [TEST_STEP][PASSED] - waitForElementPresent(findTestObject("Kategori/Ibu dan Anak"), 0): Element 'Object Repository/Kategori/Ibu dan Anak' is present

2023-06-09 13:45:58 - [MESSAGE][WARNING] - Timeout '0' is invalid. Using default page load timeout: '10'

2023-06-09 13:46:01 - [MESSAGE][PASSED] - Element 'Object Repository/Kategori/Ibu dan Anak' is present

2023-06-09 13:46:01 - [TEST_STEP][PASSED] - tap(findTestObject("Profil/Profil_Button/Menu Akun"), 0): Tapped on element 'Object Repository/Profil/Profil_Button/Menu Akun'

2023-06-09 13:46:01 - [MESSAGE][WARNING] - Timeout '0' is invalid. Using default page load timeout: '10'

2023-06-09 13:46:02 - [MESSAGE][PASSED] - Tapped on element 'Object Repository/Profil/Profil_Button/Menu Akun'

2023-06-09 13:46:02 - [MESSAGE][PASSED] - Call Test Case 'Test Cases/Profil/TC_Profil_Button' successfully

2023-06-09 13:46:02 - [TEST_STEP][PASSED] - callTestCase(findTestCase("Profil/Alamat_Penerima/TC_Alamat_Button"), [:], STOP_ON_FAILURE): Call Test Case 'Test Cases/Profil/Alamat_Penerima/TC_Alamat_Button' successfully

2023-06-09 13:46:02 - [TEST_CASE][PASSED] - Test Cases/Profil/Alamat_Penerima/TC_Alamat_Button: Test Cases/Profil/Alamat_Penerima/TC_Alamat_Button

2023-06-09 13:46:02 - [TEST_STEP][PASSED] - swipe(100, 350, 0, 0): Swiped from 100,350 to 0,0

2023-06-09 13:46:03 - [MESSAGE][PASSED] - Swiped from 100,350 to 0,0

2023-06-09 13:46:03 - [TEST_STEP][PASSED] - waitForElementPresent(findTestObject("Profil/Alamat_Penerima/Alamat_Button/Menu Kelola Alamat Penerima"), 0): Element 'Object Repository/Profil/Alamat_Penerima/Alamat_Button/Menu Kelola Alamat Penerima' is present

2023-06-09 13:46:03 - [MESSAGE][WARNING] - Timeout '0' is invalid. Using default page load timeout: '10'

2023-06-09 13:46:04 - [MESSAGE][PASSED] - Element 'Object Repository/Profil/Alamat_Penerima/Alamat_Button/Menu Kelola Alamat Penerima' is present

2023-06-09 13:46:04 - [TEST_STEP][PASSED] - tap(findTestObject("Profil/Alamat_Penerima/Alamat_Button/Menu Kelola Alamat Penerima"), 0): Tapped on element 'Object Repository/Profil/Alamat_Penerima/Alamat_Button/Menu Kelola Alamat Penerima'

2023-06-09 13:46:04 - [MESSAGE][WARNING] - Timeout '0' is invalid. Using default page load timeout: '10'

2023-06-09 13:46:05 - [MESSAGE][PASSED] - Tapped on element 'Object Repository/Profil/Alamat_Penerima/Alamat_Button/Menu Kelola Alamat Penerima'

2023-06-09 13:46:05 - [MESSAGE][PASSED] - Call Test Case 'Test Cases/Profil/Alamat_Penerima/TC_Alamat_Button' successfully

2023-06-09 13:46:05 - [TEST_STEP][PASSED] - tap(findTestObject("Profil/Alamat_Penerima/Hapus Alamat/Hapus Alamat 1"), 0): Tapped on element 'Object Repository/Profil/Alamat_Penerima/Hapus Alamat/Hapus Alamat 1'

2023-06-09 13:46:05 - [MESSAGE][WARNING] - Timeout '0' is invalid. Using default page load timeout: '10'

2023-06-09 13:46:06 - [MESSAGE][PASSED] - Tapped on element 'Object Repository/Profil/Alamat_Penerima/Hapus Alamat/Hapus Alamat 1'

2023-06-09 13:46:06 - [TEST_STEP][PASSED] - tap(findTestObject("Profil/Alamat_Penerima/Hapus Alamat/Batal Hapus"), 0): Tapped on element 'Object Repository/Profil/Alamat_Penerima/Hapus Alamat/Batal Hapus'

2023-06-09 13:46:06 - [MESSAGE][WARNING] - Timeout '0' is invalid. Using default page load timeout: '10'

2023-06-09 13:46:07 - [MESSAGE][PASSED] - Tapped on element 'Object Repository/Profil/Alamat_Penerima/Hapus Alamat/Batal Hapus'

2023-06-09 13:46:07 - [TEST_STEP][PASSED] - takeScreenshot(getReportFolder() + "Sebelum Hapus Alamat.png", CONTINUE_ON_FAILURE): Screenshot is taken

2023-06-09 13:46:08 - [MESSAGE][PASSED] - Screenshot is taken
[[ATTACHMENT|C:\Users\raiha\Documents\Katalon Studio\Mobile Klik IGR\Reports\20230609_134256\Profil\Alamat\Alamat\20230609_134256Sebelum Hapus Alamat.png]]

2023-06-09 13:46:08 - [TEST_STEP][PASSED] - tap(findTestObject("Profil/Alamat_Penerima/Hapus Alamat/Hapus Alamat 3"), 0): Tapped on element 'Object Repository/Profil/Alamat_Penerima/Hapus Alamat/Hapus Alamat 3'

2023-06-09 13:46:08 - [MESSAGE][WARNING] - Timeout '0' is invalid. Using default page load timeout: '10'

2023-06-09 13:46:09 - [MESSAGE][PASSED] - Tapped on element 'Object Repository/Profil/Alamat_Penerima/Hapus Alamat/Hapus Alamat 3'

2023-06-09 13:46:09 - [TEST_STEP][PASSED] - tap(findTestObject("Profil/Alamat_Penerima/Hapus Alamat/Setuju Hapus"), 0): Tapped on element 'Object Repository/Profil/Alamat_Penerima/Hapus Alamat/Setuju Hapus'

2023-06-09 13:46:09 - [MESSAGE][WARNING] - Timeout '0' is invalid. Using default page load timeout: '10'

2023-06-09 13:46:10 - [MESSAGE][PASSED] - Tapped on element 'Object Repository/Profil/Alamat_Penerima/Hapus Alamat/Setuju Hapus'

2023-06-09 13:46:10 - [TEST_STEP][PASSED] - takeScreenshot(getReportFolder() + "Berhasil Hapus Alamat.png", CONTINUE_ON_FAILURE): Screenshot is taken

2023-06-09 13:46:11 - [MESSAGE][PASSED] - Screenshot is taken
[[ATTACHMENT|C:\Users\raiha\Documents\Katalon Studio\Mobile Klik IGR\Reports\20230609_134256\Profil\Alamat\Alamat\20230609_134256Berhasil Hapus Alamat.png]]

2023-06-09 13:46:11 - [TEST_STEP][PASSED] - delay(2, CONTINUE_ON_FAILURE): Delayed 2 second(s)

2023-06-09 13:46:13 - [MESSAGE][PASSED] - Delayed 2 second(s)

2023-06-09 13:46:13 - [TEST_STEP][PASSED] - closeApplication(): Close app successfully

2023-06-09 13:46:13 - [MESSAGE][PASSED] - Close app successfully]]></system-out>
         <system-err><![CDATA[]]></system-err>
      </testcase>
      <system-out><![CDATA[2023-06-09 13:43:06 - [TEST_SUITE][PASSED] - Alamat: Test Cases/Profil/Alamat_Penerima/Main/TC_Hapus_Alamat]]></system-out>
      <system-err><![CDATA[]]></system-err>
   </testsuite>
</testsuites>
